<?xml version="1.0" encoding="UTF-8"?>
<!-- Generated by org.testng.reporters.JUnitXMLReporter -->
<testsuite ignored="0" hostname="DESKTOP-JJE516S" failures="0" tests="5" name="Test" time="51.796" errors="0" timestamp="2023-06-17T19:21:51 IST">
  <testcase classname="testcomponent.RegTest" name="test01" time="0.282"/>
  <testcase classname="testcomponent.RegTest" name="test02" time="0.219"/>
  <testcase classname="testcomponent.RegTest" name="test03" time="1.367"/>
  <testcase classname="testcomponent.RegTest" name="test04" time="5.491"/>
  <testcase classname="testcomponent.RegTest" name="test05" time="7.396"/>
</testsuite> <!-- Test -->
